=====================================================================
Painel: Admin
Usuário:bruno
Data:23/09/2014 13:50
---------------------------------------------------------------------

Usuario cadastrou: eduardo
=====================================================================

=====================================================================
Painel: Admin
Usuário:bruno
Data:23/09/2014 13:50
---------------------------------------------------------------------

Usuario cadastrou: roger
=====================================================================

=====================================================================
Painel: Admin
Usuário:eduardo
Data:23/09/2014 14:22
---------------------------------------------------------------------

Usuario cadastrou: eduardo consulta
=====================================================================

