=====================================================================
Painel: Cliente
Usuário:junior
Data:19/09/2014 16:04
---------------------------------------------------------------------

Usuario editou a conta: bruno
=====================================================================

=====================================================================
Painel: Admin
Usuário:bruno
Data:19/09/2014 17:35
---------------------------------------------------------------------

Usuario editou a conta: jorge
=====================================================================

=====================================================================
Painel: Cliente
Usuário:junior
Data:19/09/2014 17:50
---------------------------------------------------------------------

Usuario editou a conta: jorge
=====================================================================

