=====================================================================
Painel: Cliente
Usuário:junior
Data:19/09/2014 20:19
---------------------------------------------------------------------

Usuario editou a empresa: Cetemaster (CTM) / 71771411000129
=====================================================================

=====================================================================
Painel: Cliente
Usuário:junior
Data:19/09/2014 20:20
---------------------------------------------------------------------

Usuario editou a empresa: Cetemaster (CTM) / 71771411000129
=====================================================================

=====================================================================
Painel: Cliente
Usuário:junior
Data:19/09/2014 15:22
---------------------------------------------------------------------

Usuario editou a empresa: Cetemaster (CTM) / 71771411000129
=====================================================================

=====================================================================
Painel: Cliente
Usuário:junior
Data:19/09/2014 16:04
---------------------------------------------------------------------

Usuario editou a empresa: Cetemaster (CTM) / 71771411000129
=====================================================================

=====================================================================
Painel: Cliente
Usuário:junior
Data:19/09/2014 16:09
---------------------------------------------------------------------

Usuario editou a empresa: Cetemaster (CTM) / 71771411000129
=====================================================================

=====================================================================
Painel: Cliente
Usuário:junior
Data:19/09/2014 16:09
---------------------------------------------------------------------

Usuario editou a empresa: Cetemaster (CTM) / 71771411000129
=====================================================================

=====================================================================
Painel: Cliente
Usuário:junior
Data:19/09/2014 17:00
---------------------------------------------------------------------

Usuario editou a empresa: Cetemaster (CTM) / 71771411000129
=====================================================================

=====================================================================
Painel: Cliente
Usuário:junior
Data:19/09/2014 17:41
---------------------------------------------------------------------

Usuario editou a empresa: Cetemaster (CTM) / 71771411000129
=====================================================================

=====================================================================
Painel: Cliente
Usuário:junior
Data:23/09/2014 16:40
---------------------------------------------------------------------

Usuario editou a empresa: Cetemaster (CTM) / 71771411000129
=====================================================================

=====================================================================
Painel: Cliente
Usuário:junior
Data:24/09/2014 16:45
---------------------------------------------------------------------

Usuario editou a empresa: Marketlist / 04327571000196
=====================================================================

